EDA Netlist Writer report for D8M_FMC
Mon Nov 30 23:03:16 2020
Quartus Prime Version 18.1.0 Build 625 09/12/2018 SJ Standard Edition


---------------------
; Table of Contents ;
---------------------
  1. Legal Notice
  2. EDA Netlist Writer Summary
  3. EDA Netlist Writer Messages



----------------
; Legal Notice ;
----------------
Copyright (C) 2018  Intel Corporation. All rights reserved.
Your use of Intel Corporation's design tools, logic functions 
and other software and tools, and its AMPP partner logic 
functions, and any output files from any of the foregoing 
(including device programming or simulation files), and any 
associated documentation or information are expressly subject 
to the terms and conditions of the Intel Program License 
Subscription Agreement, the Intel Quartus Prime License Agreement,
the Intel FPGA IP License Agreement, or other applicable license
agreement, including, without limitation, that your use is for
the sole purpose of programming logic devices manufactured by
Intel and sold by Intel or its authorized distributors.  Please
refer to the applicable agreement for further details.



+----------------------------------------------------------------------------------+
; EDA Netlist Writer Summary                                                       ;
+---------------------------+------------------------------------------------------+
; EDA Netlist Writer Status ; No Output Files Generated - Mon Nov 30 23:03:16 2020 ;
; Revision Name             ; D8M_FMC                                              ;
; Top-level Entity Name     ; D8M_FMC                                              ;
; Family                    ; Stratix V                                            ;
+---------------------------+------------------------------------------------------+


+-----------------------------+
; EDA Netlist Writer Messages ;
+-----------------------------+
Info: *******************************************************************
Info: Running Quartus Prime EDA Netlist Writer
    Info: Version 18.1.0 Build 625 09/12/2018 SJ Standard Edition
    Info: Processing started: Mon Nov 30 23:03:14 2020
Info: Command: quartus_eda --read_settings_files=on --write_settings_files=off D8M_FMC -c D8M_FMC
Warning (125092): Tcl Script File V/pll_vga.qip not found
    Info (125063): set_global_assignment -name QIP_FILE V/pll_vga.qip
Warning (20013): Ignored 3 assignments for entity "pll_vga" -- entity does not exist in design
    Warning (20014): Assignment for entity set_global_assignment -name IP_TOOL_NAME altera_pll -entity pll_vga -sip V/pll_vga.sip -library lib_pll_vga was ignored
    Warning (20014): Assignment for entity set_global_assignment -name IP_TOOL_VERSION 16.0 -entity pll_vga -sip V/pll_vga.sip -library lib_pll_vga was ignored
    Warning (20014): Assignment for entity set_global_assignment -name IP_TOOL_ENV mwpim -entity pll_vga -sip V/pll_vga.sip -library lib_pll_vga was ignored
Warning (18236): Number of processors has not been specified which may cause overloading on shared machines.  Set the global assignment NUM_PARALLEL_PROCESSORS in your QSF to an appropriate value for best performance.
Warning (199027): Can't generate output files. Specify command-line options to generate output files, or update EDA tool settings using GUI or Tcl script.
Info: Quartus Prime EDA Netlist Writer was successful. 0 errors, 7 warnings
    Info: Peak virtual memory: 4724 megabytes
    Info: Processing ended: Mon Nov 30 23:03:17 2020
    Info: Elapsed time: 00:00:03
    Info: Total CPU time (on all processors): 00:00:03


