Flow report for TR5_D8M_HDMI
Tue Dec 01 21:15:41 2020
Quartus Prime Version 18.1.0 Build 625 09/12/2018 SJ Standard Edition


---------------------
; Table of Contents ;
---------------------
  1. Legal Notice
  2. Flow Summary
  3. Flow Settings
  4. Flow Non-Default Global Settings
  5. Flow Elapsed Time
  6. Flow OS Summary
  7. Flow Log
  8. Flow Messages
  9. Flow Suppressed Messages



----------------
; Legal Notice ;
----------------
Copyright (C) 2018  Intel Corporation. All rights reserved.
Your use of Intel Corporation's design tools, logic functions 
and other software and tools, and its AMPP partner logic 
functions, and any output files from any of the foregoing 
(including device programming or simulation files), and any 
associated documentation or information are expressly subject 
to the terms and conditions of the Intel Program License 
Subscription Agreement, the Intel Quartus Prime License Agreement,
the Intel FPGA IP License Agreement, or other applicable license
agreement, including, without limitation, that your use is for
the sole purpose of programming logic devices manufactured by
Intel and sold by Intel or its authorized distributors.  Please
refer to the applicable agreement for further details.



+-----------------------------------------------------------------------------------+
; Flow Summary                                                                      ;
+---------------------------------+-------------------------------------------------+
; Flow Status                     ; Successful - Tue Dec 01 21:15:41 2020           ;
; Quartus Prime Version           ; 18.1.0 Build 625 09/12/2018 SJ Standard Edition ;
; Revision Name                   ; TR5_D8M_HDMI                                    ;
; Top-level Entity Name           ; TR5_D8M_HDMI                                    ;
; Family                          ; Stratix V                                       ;
; Device                          ; 5SGXEA7N2F45C2                                  ;
; Timing Models                   ; Final                                           ;
; Logic utilization (in ALMs)     ; 2,504 / 234,720 ( 1 % )                         ;
; Total registers                 ; 1883                                            ;
; Total pins                      ; 148 / 1,064 ( 14 % )                            ;
; Total virtual pins              ; 0                                               ;
; Total block memory bits         ; 9,277,440 / 52,428,800 ( 18 % )                 ;
; Total DSP Blocks                ; 14 / 256 ( 5 % )                                ;
; Total HSSI STD RX PCSs          ; 0 / 48 ( 0 % )                                  ;
; Total HSSI 10G RX PCSs          ; 0 / 48 ( 0 % )                                  ;
; Total HSSI GEN3 RX PCSs         ; 0 / 48 ( 0 % )                                  ;
; Total HSSI PMA RX Deserializers ; 0 / 48 ( 0 % )                                  ;
; Total HSSI STD TX PCSs          ; 0 / 48 ( 0 % )                                  ;
; Total HSSI 10G TX PCSs          ; 0 / 48 ( 0 % )                                  ;
; Total HSSI GEN3 TX PCSs         ; 0 / 48 ( 0 % )                                  ;
; Total HSSI PMA TX Serializers   ; 0 / 48 ( 0 % )                                  ;
; Total HSSI PIPE GEN1_2s         ; 0 / 48 ( 0 % )                                  ;
; Total HSSI GEN3s                ; 0 / 48 ( 0 % )                                  ;
; Total PLLs                      ; 2 / 92 ( 2 % )                                  ;
; Total DLLs                      ; 0 / 4 ( 0 % )                                   ;
+---------------------------------+-------------------------------------------------+


+-----------------------------------------+
; Flow Settings                           ;
+-------------------+---------------------+
; Option            ; Setting             ;
+-------------------+---------------------+
; Start date & time ; 12/01/2020 21:08:13 ;
; Main task         ; Compilation         ;
; Revision Name     ; TR5_D8M_HDMI        ;
+-------------------+---------------------+


+-------------------------------------------------------------------------------------------------------------------------------+
; Flow Non-Default Global Settings                                                                                              ;
+-------------------------------------+----------------------------------------------+---------------+-------------+------------+
; Assignment Name                     ; Value                                        ; Default Value ; Entity Name ; Section Id ;
+-------------------------------------+----------------------------------------------+---------------+-------------+------------+
; COMPILER_SIGNATURE_ID               ; 174508025608983.160682809304488              ; --            ; --          ; --         ;
; MAX_CORE_JUNCTION_TEMP              ; 85                                           ; --            ; --          ; --         ;
; MIN_CORE_JUNCTION_TEMP              ; 0                                            ; --            ; --          ; --         ;
; MISC_FILE                           ; TR5_D8M_FMC_RTL/V/pll_video_sim/pll_video.vo ; --            ; --          ; --         ;
; MISC_FILE                           ; TR5_D8M_FMC_RTL/V/pll_vga_sim/pll_vga.vo     ; --            ; --          ; --         ;
; MISC_FILE                           ; TR5_D8M_FMC_RTL/V/pll_test_sim/pll_test.vo   ; --            ; --          ; --         ;
; MISC_FILE                           ; TR5_D8M_FMC_RTL/V_Auto/SHI_bb.v              ; --            ; --          ; --         ;
; MISC_FILE                           ; TR5_D8M_FMC_RTL/V/pll_video.cmp              ; --            ; --          ; --         ;
; MISC_FILE                           ; TR5_D8M_FMC_RTL/V/pll_test.cmp               ; --            ; --          ; --         ;
; PARTITION_COLOR                     ; -- (Not supported for targeted family)       ; --            ; --          ; Top        ;
; PARTITION_FITTER_PRESERVATION_LEVEL ; -- (Not supported for targeted family)       ; --            ; --          ; Top        ;
; PARTITION_NETLIST_TYPE              ; -- (Not supported for targeted family)       ; --            ; --          ; Top        ;
; POWER_BOARD_THERMAL_MODEL           ; None (CONSERVATIVE)                          ; --            ; --          ; --         ;
; POWER_PRESET_COOLING_SOLUTION       ; 23 MM HEAT SINK WITH 200 LFPM AIRFLOW        ; --            ; --          ; --         ;
; PROJECT_OUTPUT_DIRECTORY            ; output_files                                 ; --            ; --          ; --         ;
; SPD_FILE                            ; TR5_D8M_FMC_RTL/V/pll_video.spd              ; --            ; --          ; --         ;
; SPD_FILE                            ; TR5_D8M_FMC_RTL/V/pll_vga.spd                ; --            ; --          ; --         ;
; SPD_FILE                            ; TR5_D8M_FMC_RTL/V/pll_test.spd               ; --            ; --          ; --         ;
; SYNTHESIS_ONLY_QIP                  ; On                                           ; --            ; --          ; --         ;
; SYNTHESIS_ONLY_QIP                  ; On                                           ; --            ; --          ; --         ;
+-------------------------------------+----------------------------------------------+---------------+-------------+------------+


+--------------------------------------------------------------------------------------------------------------------------+
; Flow Elapsed Time                                                                                                        ;
+----------------------+--------------+-------------------------+---------------------+------------------------------------+
; Module Name          ; Elapsed Time ; Average Processors Used ; Peak Virtual Memory ; Total CPU Time (on all processors) ;
+----------------------+--------------+-------------------------+---------------------+------------------------------------+
; Analysis & Synthesis ; 00:01:17     ; 1.0                     ; 5032 MB             ; 00:01:38                           ;
; Fitter               ; 00:04:22     ; 1.1                     ; 8864 MB             ; 00:08:28                           ;
; Assembler            ; 00:00:33     ; 1.0                     ; 5374 MB             ; 00:00:33                           ;
; Timing Analyzer      ; 00:00:19     ; 1.4                     ; 5751 MB             ; 00:00:23                           ;
; Total                ; 00:06:31     ; --                      ; --                  ; 00:11:02                           ;
+----------------------+--------------+-------------------------+---------------------+------------------------------------+


+------------------------------------------------------------------------------------+
; Flow OS Summary                                                                    ;
+----------------------+------------------+------------+------------+----------------+
; Module Name          ; Machine Hostname ; OS Name    ; OS Version ; Processor type ;
+----------------------+------------------+------------+------------+----------------+
; Analysis & Synthesis ; DESKTOP-SJTAGQE  ; Windows 10 ; 10.0       ; x86_64         ;
; Fitter               ; DESKTOP-SJTAGQE  ; Windows 10 ; 10.0       ; x86_64         ;
; Assembler            ; DESKTOP-SJTAGQE  ; Windows 10 ; 10.0       ; x86_64         ;
; Timing Analyzer      ; DESKTOP-SJTAGQE  ; Windows 10 ; 10.0       ; x86_64         ;
+----------------------+------------------+------------+------------+----------------+


------------
; Flow Log ;
------------
quartus_map --read_settings_files=on --write_settings_files=off TR5_D8M_HDMI -c TR5_D8M_HDMI
quartus_fit --read_settings_files=off --write_settings_files=off TR5_D8M_HDMI -c TR5_D8M_HDMI
quartus_asm --read_settings_files=off --write_settings_files=off TR5_D8M_HDMI -c TR5_D8M_HDMI
quartus_sta TR5_D8M_HDMI -c TR5_D8M_HDMI
quartus_eda --read_settings_files=on --write_settings_files=off TR5_D8M_HDMI -c TR5_D8M_HDMI



