14:20:34 **** Incremental Build of configuration Nios II for project TR5_FMC_HDMI ****
make all 
Info: Building ../TR5_FMC_HDMI_bsp
D:/intelFPGA/16.1/nios2eds/bin/gnu/H-x86_64-mingw32/bin/make --no-print-directory -C ../TR5_FMC_HDMI_bsp
[BSP build complete]
Info: Building ../TR5_FMC_HDMI_bsp/
D:/intelFPGA/16.1/nios2eds/bin/gnu/H-x86_64-mingw32/bin/make --no-print-directory -C ../TR5_FMC_HDMI_bsp/
[BSP build complete]
Info: Compiling main.c to obj/default/main.o
nios2-elf-gcc -xc -MP -MMD -c -I../TR5_FMC_HDMI_bsp/HAL/inc -I../TR5_FMC_HDMI_bsp -I../TR5_FMC_HDMI_bsp/drivers/inc -I../TR5_FMC_HDMI_bsp//HAL/inc -I../TR5_FMC_HDMI_bsp/ -I../TR5_FMC_HDMI_bsp//drivers/inc -I../TR5_FMC_HDMI_bsp/ -I../TR5_FMC_HDMI_bsp//drivers/inc -Iterasic_lib  -pipe -D__hal__ -DALT_NO_INSTRUCTION_EMULATION -DALT_SINGLE_THREADED -pipe -D__hal__ -DALT_NO_INSTRUCTION_EMULATION -DALT_SINGLE_THREADED    -O0 -g -Wall   -mno-hw-div -mhw-mul -mhw-mulx -mgpopt=global -mno-hw-div -mhw-mul -mhw-mulx -mgpopt=global  -o obj/default/main.o main.c
Info: Compiling terasic_lib/I2C.c to obj/default/terasic_lib/I2C.o
nios2-elf-gcc -xc -MP -MMD -c -I../TR5_FMC_HDMI_bsp/HAL/inc -I../TR5_FMC_HDMI_bsp -I../TR5_FMC_HDMI_bsp/drivers/inc -I../TR5_FMC_HDMI_bsp//HAL/inc -I../TR5_FMC_HDMI_bsp/ -I../TR5_FMC_HDMI_bsp//drivers/inc -I../TR5_FMC_HDMI_bsp/ -I../TR5_FMC_HDMI_bsp//drivers/inc -Iterasic_lib  -pipe -D__hal__ -DALT_NO_INSTRUCTION_EMULATION -DALT_SINGLE_THREADED -pipe -D__hal__ -DALT_NO_INSTRUCTION_EMULATION -DALT_SINGLE_THREADED    -O0 -g -Wall   -mno-hw-div -mhw-mul -mhw-mulx -mgpopt=global -mno-hw-div -mhw-mul -mhw-mulx -mgpopt=global  -o obj/default/terasic_lib/I2C.o terasic_lib/I2C.c
terasic_lib/I2C.c:34:0: warning: "DEBUG_I2C" redefined
 #define DEBUG_I2C 1
 ^
In file included from terasic_lib/terasic_includes.h:52:0,
                 from terasic_lib/I2C.c:32:
terasic_lib/debug.h:52:0: note: this is the location of the previous definition
 #define DEBUG_I2C
 ^
Info: Compiling terasic_lib/debug.c to obj/default/terasic_lib/debug.o
nios2-elf-gcc -xc -MP -MMD -c -I../TR5_FMC_HDMI_bsp/HAL/inc -I../TR5_FMC_HDMI_bsp -I../TR5_FMC_HDMI_bsp/drivers/inc -I../TR5_FMC_HDMI_bsp//HAL/inc -I../TR5_FMC_HDMI_bsp/ -I../TR5_FMC_HDMI_bsp//drivers/inc -I../TR5_FMC_HDMI_bsp/ -I../TR5_FMC_HDMI_bsp//drivers/inc -Iterasic_lib  -pipe -D__hal__ -DALT_NO_INSTRUCTION_EMULATION -DALT_SINGLE_THREADED -pipe -D__hal__ -DALT_NO_INSTRUCTION_EMULATION -DALT_SINGLE_THREADED    -O0 -g -Wall   -mno-hw-div -mhw-mul -mhw-mulx -mgpopt=global -mno-hw-div -mhw-mul -mhw-mulx -mgpopt=global  -o obj/default/terasic_lib/debug.o terasic_lib/debug.c
terasic_lib/debug.c: In function 'myprintf_hexarray':
terasic_lib/debug.c:83:17: warning: pointer targets in passing argument 1 of 'sprintf' differ in signedness [-Wpointer-sign]
         sprintf(szText, "[%02X]", *(pHex+i));
                 ^
In file included from d:\intelfpga\16.1\nios2eds\bin\gnu\h-x86_64-mingw32\nios2-elf\include\stdio.h:29:0,
                 from terasic_lib/debug.c:33:
d:\intelfpga\16.1\nios2eds\bin\gnu\h-x86_64-mingw32\nios2-elf\include\stdio.h:258:5: note: expected 'char * restrict' but argument is of type 'unsigned char *'
 int _EXFUN(sprintf, (char *__restrict, const char *__restrict, ...)
     ^
In file included from terasic_lib/terasic_includes.h:52:0,
                 from terasic_lib/debug.c:35:
terasic_lib/debug.c:84:16: warning: pointer targets in passing argument 1 of 'myprintf' differ in signedness [-Wpointer-sign]
         DEBUG((szText));
                ^
terasic_lib/debug.h:77:46: note: in definition of macro 'DEBUG'
     #define DEBUG(x)               {myprintf x;}  // standard in/out, specifed in project (it could be uart, jtag, or lcd)
                                              ^
terasic_lib/debug.c:64:5: note: expected 'char *' but argument is of type 'unsigned char *'
 int myprintf(char *format, ...){
     ^
Info: Linking TR5_FMC_HDMI.elf
nios2-elf-g++  -T'../TR5_FMC_HDMI_bsp//linker.x' -msys-crt0='../TR5_FMC_HDMI_bsp//obj/HAL/src/crt0.o' -msys-lib=hal_bsp -L../TR5_FMC_HDMI_bsp -L../TR5_FMC_HDMI_bsp/   -Wl,-Map=TR5_FMC_HDMI.map   -O0 -g -Wall   -mno-hw-div -mhw-mul -mhw-mulx -mgpopt=global -mno-hw-div -mhw-mul -mhw-mulx -mgpopt=global  -o TR5_FMC_HDMI.elf obj/default/HDMI_RX.o obj/default/HDMI_TX.o obj/default/main.o obj/default/terasic_lib/I2C.o obj/default/terasic_lib/debug.o -lm -lm -msys-lib=m
nios2-elf-insert TR5_FMC_HDMI.elf --thread_model hal --cpu_name nios2_gen2_0 --qsys true --simulation_enabled false --stderr_dev jtag_uart --stdin_dev jtag_uart --stdout_dev jtag_uart --thread_model hal --cpu_name nios2_gen2_0 --qsys true --simulation_enabled false --stderr_dev jtag_uart --stdin_dev jtag_uart --stdout_dev jtag_uart --sopc_system_name TR5_QSYS --quartus_project_dir "E:/Code/HDMI-FMC/tr5_fmcd_hdmi_rx_tx" --jdi E:/Code/HDMI-FMC/tr5_fmcd_hdmi_rx_tx/software/TR5_FMC_HDMI_bsp/../../TR5_FMC_HDMI.jdi --sopcinfo E:/Code/HDMI-FMC/tr5_fmcd_hdmi_rx_tx/software/TR5_FMC_HDMI_bsp/../../TR5_QSYS.sopcinfo
Info: (TR5_FMC_HDMI.elf) 95 KBytes program size (code + initialized data).
Info:                    148 KBytes free for stack + heap.
Info: Creating TR5_FMC_HDMI.objdump
nios2-elf-objdump --disassemble --syms --all-header --source TR5_FMC_HDMI.elf >TR5_FMC_HDMI.objdump
[TR5_FMC_HDMI build complete]

14:20:37 Build Finished (took 3s.88ms)

